<?xml version='1.0' encoding='UTF-8'?>
<testsuite hostname="KHBO-THESIS" name="bank.MySpec2" tests="2" errors="0" failures="1" time="-0.002">
                     <properties>
[...]
</properties>
                     <testcase classname="bank.MySpec2" name="wrongBalance1" time="-0.001">
                                                 <failure message="The returned value for Johnny is not 500, but 0" type="org.scalatest.junit.JUnitTestFailedError">org.scalatest.junit.JUnitTestFailedError: The returned value for Johnny is not 500, but 0
	at org.scalatest.junit.AssertionsForJUnit$class.newAssertionFailedException(AssertionsForJUnit.scala:101)
	at bank.MySpec2.newAssertionFailedException(MySpec2.scala:15)
	at org.scalatest.Assertions$class.assert(Assertions.scala:337)
	at bank.MySpec2.assert(MySpec2.scala:15)
	at bank.MySpec2.process(MySpec2.scala:40)
	at bank.MySpec2.wrongBalance1(MySpec2.scala:62)
	at sun.reflect.NativeMethodAccessorImpl.invoke0(Native Method)
	at sun.reflect.NativeMethodAccessorImpl.invoke(Unknown Source)
	at sun.reflect.DelegatingMethodAccessorImpl.invoke(Unknown Source)
	at java.lang.reflect.Method.invoke(Unknown Source)
	at org.junit.runners.model.FrameworkMethod$1.runReflectiveCall(FrameworkMethod.java:44)
	at org.junit.internal.runners.model.ReflectiveCallable.run(ReflectiveCallable.java:15)
	at org.junit.runners.model.FrameworkMethod.invokeExplosively(FrameworkMethod.java:41)
	at org.junit.internal.runners.statements.InvokeMethod.evaluate(InvokeMethod.java:20)
	at org.junit.internal.runners.statements.RunBefores.evaluate(RunBefores.java:28)
	at org.junit.internal.runners.statements.RunAfters.evaluate(RunAfters.java:31)
	at org.junit.runners.BlockJUnit4ClassRunner.runChild(BlockJUnit4ClassRunner.java:76)
	at org.junit.runners.BlockJUnit4ClassRunner.runChild(BlockJUnit4ClassRunner.java:50)
	at org.junit.runners.ParentRunner$3.run(ParentRunner.java:193)
	at org.junit.runners.ParentRunner$1.schedule(ParentRunner.java:52)
	at org.junit.runners.ParentRunner.runChildren(ParentRunner.java:191)
	at org.junit.runners.ParentRunner.access$000(ParentRunner.java:42)
	at org.junit.runners.ParentRunner$2.evaluate(ParentRunner.java:184)
	at org.junit.runners.ParentRunner.run(ParentRunner.java:236)
	at org.junit.runners.Suite.runChild(Suite.java:128)
	at org.junit.runners.Suite.runChild(Suite.java:24)
	at org.junit.runners.ParentRunner$3.run(ParentRunner.java:193)
	at org.junit.runners.ParentRunner$1.schedule(ParentRunner.java:52)
	at org.junit.runners.ParentRunner.runChildren(ParentRunner.java:191)
	at org.junit.runners.ParentRunner.access$000(ParentRunner.java:42)
	at org.junit.runners.ParentRunner$2.evaluate(ParentRunner.java:184)
	at org.junit.runners.ParentRunner.run(ParentRunner.java:236)
	at org.junit.runner.JUnitCore.run(JUnitCore.java:157)
	at org.junit.runner.JUnitCore.run(JUnitCore.java:136)
	at org.junit.runner.JUnitCore.run(JUnitCore.java:117)
	at org.scalatest.junit.JUnitSuite$class.run(JUnitSuite.scala:264)
	at bank.MySpec2.run(MySpec2.scala:15)
	at org.scalatest.tools.ScalaTestFramework$ScalaTestRunner.run(ScalaTestFramework.scala:148)
	at sbt.RunnerWrapper$1.runRunner(FrameworkWrapper.java:203)
	at sbt.RunnerWrapper$1.execute(FrameworkWrapper.java:239)
	at sbt.TestRunner.runTest$1(TestFramework.scala:76)
	at sbt.TestRunner.run(TestFramework.scala:85)
	at sbt.TestFramework$$anon$2$$anonfun$$init$$1$$anonfun$apply$8.apply(TestFramework.scala:202)
	at sbt.TestFramework$$anon$2$$anonfun$$init$$1$$anonfun$apply$8.apply(TestFramework.scala:202)
	at sbt.TestFramework$.sbt$TestFramework$$withContextLoader(TestFramework.scala:185)
	at sbt.TestFramework$$anon$2$$anonfun$$init$$1.apply(TestFramework.scala:202)
	at sbt.TestFramework$$anon$2$$anonfun$$init$$1.apply(TestFramework.scala:202)
	at sbt.TestFunction.apply(TestFramework.scala:207)
	at sbt.Tests$.sbt$Tests$$processRunnable$1(Tests.scala:239)
	at sbt.Tests$$anonfun$makeSerial$1.apply(Tests.scala:245)
	at sbt.Tests$$anonfun$makeSerial$1.apply(Tests.scala:245)
	at sbt.std.Transform$$anon$3$$anonfun$apply$2.apply(System.scala:44)
	at sbt.std.Transform$$anon$3$$anonfun$apply$2.apply(System.scala:44)
	at sbt.std.Transform$$anon$4.work(System.scala:63)
	at sbt.Execute$$anonfun$submit$1$$anonfun$apply$1.apply(Execute.scala:226)
	at sbt.Execute$$anonfun$submit$1$$anonfun$apply$1.apply(Execute.scala:226)
	at sbt.ErrorHandling$.wideConvert(ErrorHandling.scala:17)
	at sbt.Execute.work(Execute.scala:235)
	at sbt.Execute$$anonfun$submit$1.apply(Execute.scala:226)
	at sbt.Execute$$anonfun$submit$1.apply(Execute.scala:226)
	at sbt.ConcurrentRestrictions$$anon$4$$anonfun$1.apply(ConcurrentRestrictions.scala:159)
	at sbt.CompletionService$$anon$2.call(CompletionService.scala:28)
	at java.util.concurrent.FutureTask.run(Unknown Source)
	at java.util.concurrent.Executors$RunnableAdapter.call(Unknown Source)
	at java.util.concurrent.FutureTask.run(Unknown Source)
	at java.util.concurrent.ThreadPoolExecutor.runWorker(Unknown Source)
	at java.util.concurrent.ThreadPoolExecutor$Worker.run(Unknown Source)
	at java.lang.Thread.run(Unknown Source)
</failure>
                                               </testcase><testcase classname="bank.MySpec2" name="correctBalance1" time="-0.001">
                                                 
                                               </testcase>
                     <system-out></system-out>
                     <system-err></system-err>
                   </testsuite>