<?xml version='1.0' encoding='UTF-8'?>
<testsuite hostname="KHBO-THESIS" name="bank2.BankSpec" tests="2" errors="0" failures="1" time="-0.002">
                     <properties>
[...]
</properties>
                     <testcase classname="bank2.BankSpec" name="Bank Test should generate a random trace" time="-0.001">
                                                 
                                               </testcase><testcase classname="bank2.BankSpec" name="Bank Test should generate and test schedules" time="-0.001">
                                                 <failure message="Futures timed out after [15000] milliseconds" type="java.util.concurrent.TimeoutException">java.util.concurrent.TimeoutException: Futures timed out after [15000] milliseconds
	at akka.dispatch.DefaultPromise.ready(Future.scala:870)
	at akka.dispatch.DefaultPromise.result(Future.scala:874)
	at akka.dispatch.Await$.result(Future.scala:74)
	at bank2.BankSpec.run(BankSpec.scala:113)
	at bita.util.TestHelper$class.testSchedule(TestHelper.scala:90)
	at bank2.BankSpec.testSchedule(BankSpec.scala:23)
	at bita.util.TestHelper$$anonfun$testGeneratedSchedules$1.apply(TestHelper.scala:135)
	at bita.util.TestHelper$$anonfun$testGeneratedSchedules$1.apply(TestHelper.scala:133)
	at scala.collection.IndexedSeqOptimized$class.foreach(IndexedSeqOptimized.scala:34)
	at scala.collection.mutable.ArrayOps.foreach(ArrayOps.scala:38)
	at bita.util.TestHelper$class.testGeneratedSchedules(TestHelper.scala:133)
	at bank2.BankSpec.testGeneratedSchedules(BankSpec.scala:23)
	at bita.util.TestHelper$class.generateAndTestGeneratedSchedules(TestHelper.scala:187)
	at bank2.BankSpec.generateAndTestGeneratedSchedules(BankSpec.scala:23)
	at bank2.BankSpec$$anonfun$1$$anonfun$apply$mcV$sp$2$$anonfun$apply$mcV$sp$3$$anonfun$apply$1.apply(BankSpec.scala:83)
	at bank2.BankSpec$$anonfun$1$$anonfun$apply$mcV$sp$2$$anonfun$apply$mcV$sp$3$$anonfun$apply$1.apply(BankSpec.scala:79)
	at scala.collection.Iterator$class.foreach(Iterator.scala:772)
	at scala.collection.Iterator$$anon$19.foreach(Iterator.scala:399)
	at scala.collection.IterableLike$class.foreach(IterableLike.scala:73)
	at scala.Enumeration$ValueSet.foreach(Enumeration.scala:234)
	at bank2.BankSpec$$anonfun$1$$anonfun$apply$mcV$sp$2$$anonfun$apply$mcV$sp$3.apply(BankSpec.scala:79)
	at bank2.BankSpec$$anonfun$1$$anonfun$apply$mcV$sp$2$$anonfun$apply$mcV$sp$3.apply(BankSpec.scala:78)
	at scala.collection.IndexedSeqOptimized$class.foreach(IndexedSeqOptimized.scala:34)
	at scala.collection.mutable.ArrayOps.foreach(ArrayOps.scala:38)
	at bank2.BankSpec$$anonfun$1$$anonfun$apply$mcV$sp$2.apply$mcV$sp(BankSpec.scala:78)
	at bank2.BankSpec$$anonfun$1$$anonfun$apply$mcV$sp$2.apply(BankSpec.scala:76)
	at bank2.BankSpec$$anonfun$1$$anonfun$apply$mcV$sp$2.apply(BankSpec.scala:76)
	at org.scalatest.FunSpec$$anon$1.apply(FunSpec.scala:1786)
	at org.scalatest.Suite$class.withFixture(Suite.scala:1099)
	at bank2.BankSpec.withFixture(BankSpec.scala:23)
	at org.scalatest.FunSpec$class.invokeWithFixture$1(FunSpec.scala:1783)
	at org.scalatest.FunSpec$$anonfun$runTest$1.apply(FunSpec.scala:1795)
	at org.scalatest.FunSpec$$anonfun$runTest$1.apply(FunSpec.scala:1795)
	at org.scalatest.SuperEngine.runTestImpl(Engine.scala:234)
	at org.scalatest.FunSpec$class.runTest(FunSpec.scala:1795)
	at bank2.BankSpec.runTest(BankSpec.scala:23)
	at org.scalatest.FunSpec$$anonfun$runTests$1.apply(FunSpec.scala:1827)
	at org.scalatest.FunSpec$$anonfun$runTests$1.apply(FunSpec.scala:1827)
	at org.scalatest.SuperEngine$$anonfun$traverseSubNodes$1$1.apply(Engine.scala:330)
	at org.scalatest.SuperEngine$$anonfun$traverseSubNodes$1$1.apply(Engine.scala:318)
	at scala.collection.LinearSeqOptimized$class.foreach(LinearSeqOptimized.scala:59)
	at scala.collection.immutable.List.foreach(List.scala:76)
	at org.scalatest.SuperEngine.traverseSubNodes$1(Engine.scala:318)
	at org.scalatest.SuperEngine.org$scalatest$SuperEngine$$runTestsInBranch(Engine.scala:309)
	at org.scalatest.SuperEngine$$anonfun$traverseSubNodes$1$1.apply(Engine.scala:338)
	at org.scalatest.SuperEngine$$anonfun$traverseSubNodes$1$1.apply(Engine.scala:318)
	at scala.collection.LinearSeqOptimized$class.foreach(LinearSeqOptimized.scala:59)
	at scala.collection.immutable.List.foreach(List.scala:76)
	at org.scalatest.SuperEngine.traverseSubNodes$1(Engine.scala:318)
	at org.scalatest.SuperEngine.org$scalatest$SuperEngine$$runTestsInBranch(Engine.scala:313)
	at org.scalatest.SuperEngine.runTestsImpl(Engine.scala:394)
	at org.scalatest.FunSpec$class.runTests(FunSpec.scala:1827)
	at bank2.BankSpec.runTests(BankSpec.scala:23)
	at org.scalatest.Suite$class.run(Suite.scala:1426)
	at bank2.BankSpec.org$scalatest$FunSpec$$super$run(BankSpec.scala:23)
	at org.scalatest.FunSpec$$anonfun$run$1.apply(FunSpec.scala:1831)
	at org.scalatest.FunSpec$$anonfun$run$1.apply(FunSpec.scala:1831)
	at org.scalatest.SuperEngine.runImpl(Engine.scala:430)
	at org.scalatest.FunSpec$class.run(FunSpec.scala:1831)
	at bank2.BankSpec.run(BankSpec.scala:23)
	at org.scalatest.tools.ScalaTestFramework$ScalaTestRunner.run(ScalaTestFramework.scala:267)
	at sbt.RunnerWrapper$1.runRunner2(FrameworkWrapper.java:223)
	at sbt.RunnerWrapper$1.execute(FrameworkWrapper.java:236)
	at sbt.TestRunner.runTest$1(TestFramework.scala:76)
	at sbt.TestRunner.run(TestFramework.scala:85)
	at sbt.TestFramework$$anon$2$$anonfun$$init$$1$$anonfun$apply$8.apply(TestFramework.scala:202)
	at sbt.TestFramework$$anon$2$$anonfun$$init$$1$$anonfun$apply$8.apply(TestFramework.scala:202)
	at sbt.TestFramework$.sbt$TestFramework$$withContextLoader(TestFramework.scala:185)
	at sbt.TestFramework$$anon$2$$anonfun$$init$$1.apply(TestFramework.scala:202)
	at sbt.TestFramework$$anon$2$$anonfun$$init$$1.apply(TestFramework.scala:202)
	at sbt.TestFunction.apply(TestFramework.scala:207)
	at sbt.Tests$.sbt$Tests$$processRunnable$1(Tests.scala:239)
	at sbt.Tests$$anonfun$makeSerial$1.apply(Tests.scala:245)
	at sbt.Tests$$anonfun$makeSerial$1.apply(Tests.scala:245)
	at sbt.std.Transform$$anon$3$$anonfun$apply$2.apply(System.scala:44)
	at sbt.std.Transform$$anon$3$$anonfun$apply$2.apply(System.scala:44)
	at sbt.std.Transform$$anon$4.work(System.scala:63)
	at sbt.Execute$$anonfun$submit$1$$anonfun$apply$1.apply(Execute.scala:226)
	at sbt.Execute$$anonfun$submit$1$$anonfun$apply$1.apply(Execute.scala:226)
	at sbt.ErrorHandling$.wideConvert(ErrorHandling.scala:17)
	at sbt.Execute.work(Execute.scala:235)
	at sbt.Execute$$anonfun$submit$1.apply(Execute.scala:226)
	at sbt.Execute$$anonfun$submit$1.apply(Execute.scala:226)
	at sbt.ConcurrentRestrictions$$anon$4$$anonfun$1.apply(ConcurrentRestrictions.scala:159)
	at sbt.CompletionService$$anon$2.call(CompletionService.scala:28)
	at java.util.concurrent.FutureTask.run(Unknown Source)
	at java.util.concurrent.Executors$RunnableAdapter.call(Unknown Source)
	at java.util.concurrent.FutureTask.run(Unknown Source)
	at java.util.concurrent.ThreadPoolExecutor.runWorker(Unknown Source)
	at java.util.concurrent.ThreadPoolExecutor$Worker.run(Unknown Source)
	at java.lang.Thread.run(Unknown Source)
</failure>
                                               </testcase>
                     <system-out></system-out>
                     <system-err></system-err>
                   </testsuite>