<?xml version='1.0' encoding='UTF-8'?>
<testsuite hostname="KHBO-THESIS" name="bank2.BankSpec" tests="2" errors="0" failures="1" time="-0.002">
                     <properties>
      <property name="jline.esc.timeout" value="0"/><property name="java.runtime.name" value="Java(TM) SE Runtime Environment"/><property name="sun.boot.library.path" value="C:\Program Files\Java\jre7\bin"/><property name="java.vm.version" value="24.75-b04"/><property name="user.country.format" value="BE"/><property name="java.vm.vendor" value="Oracle Corporation"/><property name="java.vendor.url" value="http://java.oracle.com/"/><property name="path.separator" value=";"/><property name="java.vm.name" value="Java HotSpot(TM) 64-Bit Server VM"/><property name="file.encoding.pkg" value="sun.io"/><property name="user.country" value="US"/><property name="user.script" value=""/><property name="sun.java.launcher" value="SUN_STANDARD"/><property name="sun.os.patch.level" value="Service Pack 1"/><property name="java.vm.specification.name" value="Java Virtual Machine Specification"/><property name="user.dir" value="C:\Users\jeroen\Downloads\BankTransfer_Bita"/><property name="java.runtime.version" value="1.7.0_75-b13"/><property name="java.awt.graphicsenv" value="sun.awt.Win32GraphicsEnvironment"/><property name="java.endorsed.dirs" value="C:\Program Files\Java\jre7\lib\endorsed"/><property name="os.arch" value="amd64"/><property name="java.io.tmpdir" value="C:\Users\jeroen\AppData\Local\Temp\"/><property name="line.separator" value="
"/><property name="java.vm.specification.vendor" value="Oracle Corporation"/><property name="user.variant" value=""/><property name="os.name" value="Windows 7"/><property name="sun.jnu.encoding" value="Cp1252"/><property name="java.library.path" value="C:\Windows\system32;C:\Windows\Sun\Java\bin;C:\Windows\system32;C:\Windows;C:\Windows\system32;C:\Windows;C:\Windows\System32\Wbem;C:\Windows\System32\WindowsPowerShell\v1.0\;C:\Program Files (x86)\sbt\bin;C:\Program Files\Java\jdk1.7.0_75\bin;C:\Program Files (x86)\Git\cmd;."/><property name="java.specification.name" value="Java Platform API Specification"/><property name="java.class.version" value="51.0"/><property name="sun.management.compiler" value="HotSpot 64-Bit Tiered Compilers"/><property name="os.version" value="6.1"/><property name="user.home" value="C:\Users\jeroen"/><property name="user.timezone" value="Europe/Paris"/><property name="java.awt.printerjob" value="sun.awt.windows.WPrinterJob"/><property name="file.encoding" value="Cp1252"/><property name="java.specification.version" value="1.7"/><property name="sbt.log.format" value="true"/><property name="java.class.path" value="C:\Program Files (x86)\sbt\bin\sbt-launch.jar"/><property name="user.name" value="jeroen"/><property name="jline.shutdownhook" value="false"/><property name="java.vm.specification.version" value="1.7"/><property name="sun.java.command" value="xsbt.boot.Boot test"/><property name="java.home" value="C:\Program Files\Java\jre7"/><property name="sun.arch.data.model" value="64"/><property name="user.language" value="en"/><property name="java.specification.vendor" value="Oracle Corporation"/><property name="user.language.format" value="nl"/><property name="awt.toolkit" value="sun.awt.windows.WToolkit"/><property name="java.vm.info" value="mixed mode"/><property name="java.version" value="1.7.0_75"/><property name="java.ext.dirs" value="C:\Program Files\Java\jre7\lib\ext;C:\Windows\Sun\Java\lib\ext"/><property name="sun.boot.class.path" value="C:\Program Files\Java\jre7\lib\resources.jar;C:\Program Files\Java\jre7\lib\rt.jar;C:\Program Files\Java\jre7\lib\sunrsasign.jar;C:\Program Files\Java\jre7\lib\jsse.jar;C:\Program Files\Java\jre7\lib\jce.jar;C:\Program Files\Java\jre7\lib\charsets.jar;C:\Program Files\Java\jre7\lib\jfr.jar;C:\Program Files\Java\jre7\classes"/><property name="java.vendor" value="Oracle Corporation"/><property name="file.separator" value="\"/><property name="java.vendor.url.bug" value="http://bugreport.sun.com/bugreport/"/><property name="sun.io.unicode.encoding" value="UnicodeLittle"/><property name="sun.cpu.endian" value="little"/><property name="sun.desktop" value="windows"/><property name="sun.cpu.isalist" value="amd64"/>
    </properties>
                     <testcase classname="bank2.BankSpec" name="Bank Test should generate a random trace" time="-0.001">
                                                 
                                               </testcase><testcase classname="bank2.BankSpec" name="Bank Test should generate and test schedules" time="-0.001">
                                                 <failure message="Futures timed out after [15000] milliseconds" type="java.util.concurrent.TimeoutException">java.util.concurrent.TimeoutException: Futures timed out after [15000] milliseconds
	at akka.dispatch.DefaultPromise.ready(Future.scala:870)
	at akka.dispatch.DefaultPromise.result(Future.scala:874)
	at akka.dispatch.Await$.result(Future.scala:74)
	at bank2.BankSpec.run(BankSpec.scala:113)
	at bita.util.TestHelper$class.testSchedule(TestHelper.scala:90)
	at bank2.BankSpec.testSchedule(BankSpec.scala:23)
	at bita.util.TestHelper$$anonfun$testGeneratedSchedules$1.apply(TestHelper.scala:135)
	at bita.util.TestHelper$$anonfun$testGeneratedSchedules$1.apply(TestHelper.scala:133)
	at scala.collection.IndexedSeqOptimized$class.foreach(IndexedSeqOptimized.scala:34)
	at scala.collection.mutable.ArrayOps.foreach(ArrayOps.scala:38)
	at bita.util.TestHelper$class.testGeneratedSchedules(TestHelper.scala:133)
	at bank2.BankSpec.testGeneratedSchedules(BankSpec.scala:23)
	at bita.util.TestHelper$class.generateAndTestGeneratedSchedules(TestHelper.scala:187)
	at bank2.BankSpec.generateAndTestGeneratedSchedules(BankSpec.scala:23)
	at bank2.BankSpec$$anonfun$1$$anonfun$apply$mcV$sp$2$$anonfun$apply$mcV$sp$3$$anonfun$apply$1.apply(BankSpec.scala:83)
	at bank2.BankSpec$$anonfun$1$$anonfun$apply$mcV$sp$2$$anonfun$apply$mcV$sp$3$$anonfun$apply$1.apply(BankSpec.scala:79)
	at scala.collection.Iterator$class.foreach(Iterator.scala:772)
	at scala.collection.Iterator$$anon$19.foreach(Iterator.scala:399)
	at scala.collection.IterableLike$class.foreach(IterableLike.scala:73)
	at scala.Enumeration$ValueSet.foreach(Enumeration.scala:234)
	at bank2.BankSpec$$anonfun$1$$anonfun$apply$mcV$sp$2$$anonfun$apply$mcV$sp$3.apply(BankSpec.scala:79)
	at bank2.BankSpec$$anonfun$1$$anonfun$apply$mcV$sp$2$$anonfun$apply$mcV$sp$3.apply(BankSpec.scala:78)
	at scala.collection.IndexedSeqOptimized$class.foreach(IndexedSeqOptimized.scala:34)
	at scala.collection.mutable.ArrayOps.foreach(ArrayOps.scala:38)
	at bank2.BankSpec$$anonfun$1$$anonfun$apply$mcV$sp$2.apply$mcV$sp(BankSpec.scala:78)
	at bank2.BankSpec$$anonfun$1$$anonfun$apply$mcV$sp$2.apply(BankSpec.scala:76)
	at bank2.BankSpec$$anonfun$1$$anonfun$apply$mcV$sp$2.apply(BankSpec.scala:76)
	at org.scalatest.FunSpec$$anon$1.apply(FunSpec.scala:1786)
	at org.scalatest.Suite$class.withFixture(Suite.scala:1099)
	at bank2.BankSpec.withFixture(BankSpec.scala:23)
	at org.scalatest.FunSpec$class.invokeWithFixture$1(FunSpec.scala:1783)
	at org.scalatest.FunSpec$$anonfun$runTest$1.apply(FunSpec.scala:1795)
	at org.scalatest.FunSpec$$anonfun$runTest$1.apply(FunSpec.scala:1795)
	at org.scalatest.SuperEngine.runTestImpl(Engine.scala:234)
	at org.scalatest.FunSpec$class.runTest(FunSpec.scala:1795)
	at bank2.BankSpec.runTest(BankSpec.scala:23)
	at org.scalatest.FunSpec$$anonfun$runTests$1.apply(FunSpec.scala:1827)
	at org.scalatest.FunSpec$$anonfun$runTests$1.apply(FunSpec.scala:1827)
	at org.scalatest.SuperEngine$$anonfun$traverseSubNodes$1$1.apply(Engine.scala:330)
	at org.scalatest.SuperEngine$$anonfun$traverseSubNodes$1$1.apply(Engine.scala:318)
	at scala.collection.LinearSeqOptimized$class.foreach(LinearSeqOptimized.scala:59)
	at scala.collection.immutable.List.foreach(List.scala:76)
	at org.scalatest.SuperEngine.traverseSubNodes$1(Engine.scala:318)
	at org.scalatest.SuperEngine.org$scalatest$SuperEngine$$runTestsInBranch(Engine.scala:309)
	at org.scalatest.SuperEngine$$anonfun$traverseSubNodes$1$1.apply(Engine.scala:338)
	at org.scalatest.SuperEngine$$anonfun$traverseSubNodes$1$1.apply(Engine.scala:318)
	at scala.collection.LinearSeqOptimized$class.foreach(LinearSeqOptimized.scala:59)
	at scala.collection.immutable.List.foreach(List.scala:76)
	at org.scalatest.SuperEngine.traverseSubNodes$1(Engine.scala:318)
	at org.scalatest.SuperEngine.org$scalatest$SuperEngine$$runTestsInBranch(Engine.scala:313)
	at org.scalatest.SuperEngine.runTestsImpl(Engine.scala:394)
	at org.scalatest.FunSpec$class.runTests(FunSpec.scala:1827)
	at bank2.BankSpec.runTests(BankSpec.scala:23)
	at org.scalatest.Suite$class.run(Suite.scala:1426)
	at bank2.BankSpec.org$scalatest$FunSpec$$super$run(BankSpec.scala:23)
	at org.scalatest.FunSpec$$anonfun$run$1.apply(FunSpec.scala:1831)
	at org.scalatest.FunSpec$$anonfun$run$1.apply(FunSpec.scala:1831)
	at org.scalatest.SuperEngine.runImpl(Engine.scala:430)
	at org.scalatest.FunSpec$class.run(FunSpec.scala:1831)
	at bank2.BankSpec.run(BankSpec.scala:23)
	at org.scalatest.tools.ScalaTestFramework$ScalaTestRunner.run(ScalaTestFramework.scala:267)
	at sbt.RunnerWrapper$1.runRunner2(FrameworkWrapper.java:223)
	at sbt.RunnerWrapper$1.execute(FrameworkWrapper.java:236)
	at sbt.TestRunner.runTest$1(TestFramework.scala:76)
	at sbt.TestRunner.run(TestFramework.scala:85)
	at sbt.TestFramework$$anon$2$$anonfun$$init$$1$$anonfun$apply$8.apply(TestFramework.scala:202)
	at sbt.TestFramework$$anon$2$$anonfun$$init$$1$$anonfun$apply$8.apply(TestFramework.scala:202)
	at sbt.TestFramework$.sbt$TestFramework$$withContextLoader(TestFramework.scala:185)
	at sbt.TestFramework$$anon$2$$anonfun$$init$$1.apply(TestFramework.scala:202)
	at sbt.TestFramework$$anon$2$$anonfun$$init$$1.apply(TestFramework.scala:202)
	at sbt.TestFunction.apply(TestFramework.scala:207)
	at sbt.Tests$.sbt$Tests$$processRunnable$1(Tests.scala:239)
	at sbt.Tests$$anonfun$makeSerial$1.apply(Tests.scala:245)
	at sbt.Tests$$anonfun$makeSerial$1.apply(Tests.scala:245)
	at sbt.std.Transform$$anon$3$$anonfun$apply$2.apply(System.scala:44)
	at sbt.std.Transform$$anon$3$$anonfun$apply$2.apply(System.scala:44)
	at sbt.std.Transform$$anon$4.work(System.scala:63)
	at sbt.Execute$$anonfun$submit$1$$anonfun$apply$1.apply(Execute.scala:226)
	at sbt.Execute$$anonfun$submit$1$$anonfun$apply$1.apply(Execute.scala:226)
	at sbt.ErrorHandling$.wideConvert(ErrorHandling.scala:17)
	at sbt.Execute.work(Execute.scala:235)
	at sbt.Execute$$anonfun$submit$1.apply(Execute.scala:226)
	at sbt.Execute$$anonfun$submit$1.apply(Execute.scala:226)
	at sbt.ConcurrentRestrictions$$anon$4$$anonfun$1.apply(ConcurrentRestrictions.scala:159)
	at sbt.CompletionService$$anon$2.call(CompletionService.scala:28)
	at java.util.concurrent.FutureTask.run(Unknown Source)
	at java.util.concurrent.Executors$RunnableAdapter.call(Unknown Source)
	at java.util.concurrent.FutureTask.run(Unknown Source)
	at java.util.concurrent.ThreadPoolExecutor.runWorker(Unknown Source)
	at java.util.concurrent.ThreadPoolExecutor$Worker.run(Unknown Source)
	at java.lang.Thread.run(Unknown Source)
</failure>
                                               </testcase>
                     <system-out></system-out>
                     <system-err></system-err>
                   </testsuite>