<?xml version='1.0' encoding='UTF-8'?>
<testsuite hostname="KHBO-THESIS" name="bank.MySpec" tests="1" errors="0" failures="1" time="-0.001">
                     <properties>
[...]
</properties>
                     <testcase classname="bank.MySpec" name="Correct balance" time="-0.001">
                                                 <failure message="assertion failed: expected 500, found -1" type="java.lang.AssertionError">java.lang.AssertionError: assertion failed: expected 500, found -1
	at scala.Predef$.assert(Predef.scala:160)
	at akka.testkit.TestKit.expectMsg_internal(TestKit.scala:277)
	at akka.testkit.TestKit.expectMsg(TestKit.scala:263)
	at bank.MySpec$$anonfun$3.apply$mcV$sp(MySpec.scala:59)
	at bank.MySpec$$anonfun$3.apply(MySpec.scala:51)
	at bank.MySpec$$anonfun$3.apply(MySpec.scala:51)
	at org.scalatest.FunSuiteLike$$anon$1.apply(FunSuiteLike.scala:129)
	at org.scalatest.Suite$class.withFixture(Suite.scala:1974)
	at bank.MySpec.withFixture(MySpec.scala:24)
	at org.scalatest.FunSuiteLike$class.invokeWithFixture$1(FunSuiteLike.scala:126)
	at org.scalatest.FunSuiteLike$$anonfun$runTest$1.apply(FunSuiteLike.scala:135)
	at org.scalatest.FunSuiteLike$$anonfun$runTest$1.apply(FunSuiteLike.scala:135)
	at org.scalatest.SuperEngine.runTestImpl(Engine.scala:198)
	at org.scalatest.FunSuiteLike$class.runTest(FunSuiteLike.scala:135)
	at bank.MySpec.org$scalatest$BeforeAndAfter$$super$runTest(MySpec.scala:24)
	at org.scalatest.BeforeAndAfter$class.runTest(BeforeAndAfter.scala:171)
	at bank.MySpec.runTest(MySpec.scala:24)
	at org.scalatest.FunSuiteLike$$anonfun$runTests$1.apply(FunSuiteLike.scala:168)
	at org.scalatest.FunSuiteLike$$anonfun$runTests$1.apply(FunSuiteLike.scala:168)
	at org.scalatest.SuperEngine$$anonfun$org$scalatest$SuperEngine$$runTestsInBranch$1.apply(Engine.scala:260)
	at org.scalatest.SuperEngine$$anonfun$org$scalatest$SuperEngine$$runTestsInBranch$1.apply(Engine.scala:249)
	at scala.collection.LinearSeqOptimized$class.foreach(LinearSeqOptimized.scala:59)
	at scala.collection.immutable.List.foreach(List.scala:76)
	at org.scalatest.SuperEngine.org$scalatest$SuperEngine$$runTestsInBranch(Engine.scala:249)
	at org.scalatest.SuperEngine.runTestsImpl(Engine.scala:326)
	at org.scalatest.FunSuiteLike$class.runTests(FunSuiteLike.scala:168)
	at bank.MySpec.runTests(MySpec.scala:24)
	at org.scalatest.Suite$class.run(Suite.scala:2303)
	at bank.MySpec.org$scalatest$FunSuiteLike$$super$run(MySpec.scala:24)
	at org.scalatest.FunSuiteLike$$anonfun$run$1.apply(FunSuiteLike.scala:174)
	at org.scalatest.FunSuiteLike$$anonfun$run$1.apply(FunSuiteLike.scala:174)
	at org.scalatest.SuperEngine.runImpl(Engine.scala:362)
	at org.scalatest.FunSuiteLike$class.run(FunSuiteLike.scala:174)
	at bank.MySpec.org$scalatest$BeforeAndAfter$$super$run(MySpec.scala:24)
	at org.scalatest.BeforeAndAfter$class.run(BeforeAndAfter.scala:208)
	at bank.MySpec.org$scalatest$BeforeAndAfterAll$$super$run(MySpec.scala:24)
	at org.scalatest.BeforeAndAfterAll$class.run(BeforeAndAfterAll.scala:213)
	at bank.MySpec.run(MySpec.scala:24)
	at org.scalatest.tools.ScalaTestFramework$ScalaTestRunner.run(ScalaTestFramework.scala:214)
	at sbt.RunnerWrapper$1.runRunner2(FrameworkWrapper.java:223)
	at sbt.RunnerWrapper$1.execute(FrameworkWrapper.java:236)
	at sbt.TestRunner.runTest$1(TestFramework.scala:76)
	at sbt.TestRunner.run(TestFramework.scala:85)
	at sbt.TestFramework$$anon$2$$anonfun$$init$$1$$anonfun$apply$8.apply(TestFramework.scala:202)
	at sbt.TestFramework$$anon$2$$anonfun$$init$$1$$anonfun$apply$8.apply(TestFramework.scala:202)
	at sbt.TestFramework$.sbt$TestFramework$$withContextLoader(TestFramework.scala:185)
	at sbt.TestFramework$$anon$2$$anonfun$$init$$1.apply(TestFramework.scala:202)
	at sbt.TestFramework$$anon$2$$anonfun$$init$$1.apply(TestFramework.scala:202)
	at sbt.TestFunction.apply(TestFramework.scala:207)
	at sbt.Tests$.sbt$Tests$$processRunnable$1(Tests.scala:239)
	at sbt.Tests$$anonfun$makeSerial$1.apply(Tests.scala:245)
	at sbt.Tests$$anonfun$makeSerial$1.apply(Tests.scala:245)
	at sbt.std.Transform$$anon$3$$anonfun$apply$2.apply(System.scala:44)
	at sbt.std.Transform$$anon$3$$anonfun$apply$2.apply(System.scala:44)
	at sbt.std.Transform$$anon$4.work(System.scala:63)
	at sbt.Execute$$anonfun$submit$1$$anonfun$apply$1.apply(Execute.scala:226)
	at sbt.Execute$$anonfun$submit$1$$anonfun$apply$1.apply(Execute.scala:226)
	at sbt.ErrorHandling$.wideConvert(ErrorHandling.scala:17)
	at sbt.Execute.work(Execute.scala:235)
	at sbt.Execute$$anonfun$submit$1.apply(Execute.scala:226)
	at sbt.Execute$$anonfun$submit$1.apply(Execute.scala:226)
	at sbt.ConcurrentRestrictions$$anon$4$$anonfun$1.apply(ConcurrentRestrictions.scala:159)
	at sbt.CompletionService$$anon$2.call(CompletionService.scala:28)
	at java.util.concurrent.FutureTask.run(Unknown Source)
	at java.util.concurrent.Executors$RunnableAdapter.call(Unknown Source)
	at java.util.concurrent.FutureTask.run(Unknown Source)
	at java.util.concurrent.ThreadPoolExecutor.runWorker(Unknown Source)
	at java.util.concurrent.ThreadPoolExecutor$Worker.run(Unknown Source)
	at java.lang.Thread.run(Unknown Source)
</failure>
                                               </testcase>
                     <system-out></system-out>
                     <system-err></system-err>
                   </testsuite>